<?xml version="1.0" encoding="UTF-8"?>
<!-- Generated by org.testng.reporters.JUnitXMLReporter -->
<testsuite hostname="ARPGL005878" ignored="0" name="Default test" tests="4" failures="0" timestamp="11 Oct 2021 04:01:47 GMT" time="10.541" errors="0">
  <testcase name="validateTitle" time="0.018" classname="com.project.testcases.FogotPasswordPageTest"/>
  <testcase name="validateForgotPassword" time="1.004" classname="com.project.testcases.FogotPasswordPageTest"/>
  <testcase name="validateForgotPassword" time="0.774" classname="com.project.testcases.FogotPasswordPageTest"/>
  <testcase name="validateForgotPassword" time="0.854" classname="com.project.testcases.FogotPasswordPageTest"/>
</testsuite> <!-- Default test -->
