<?xml version="1.0" encoding="UTF-8"?>
<!-- Generated by org.testng.reporters.JUnitXMLReporter -->
<testsuite ignored="0" hostname="HJNZL001402" failures="0" tests="4" name="Default test" time="15.588" errors="0" timestamp="2021-10-14T11:36:47 IST">
  <testcase classname="com.project.testcases.CartActivityTest" name="validateTitle" time="0.026"/>
  <testcase classname="com.project.testcases.CartActivityTest" name="validateFeatureProductTitle" time="0.071"/>
  <testcase classname="com.project.testcases.CartActivityTest" name="validateFeatureProductSort" time="0.131"/>
  <testcase classname="com.project.testcases.CartActivityTest" name="validateFeatureProductList" time="5.002"/>
</testsuite> <!-- Default test -->
