<?xml version="1.0" encoding="UTF-8"?>
<!-- Generated by org.testng.reporters.JUnitXMLReporter -->
<testsuite hostname="ARPGL005878" ignored="0" name="Test" tests="11" failures="1" timestamp="11 Oct 2021 05:01:17 GMT" time="10.892" errors="0">
  <testcase name="validateTitle" time="0.014" classname="com.project.testcases.LoginPageTest"/>
  <testcase name="validateLogin" time="0.412" classname="com.project.testcases.LoginPageTest"/>
  <testcase name="validateLogin" time="0.33" classname="com.project.testcases.LoginPageTest"/>
  <testcase name="validateLogin" time="0.236" classname="com.project.testcases.LoginPageTest"/>
  <testcase name="validateLogin" time="0.223" classname="com.project.testcases.LoginPageTest"/>
  <testcase name="validateLogin" time="0.256" classname="com.project.testcases.LoginPageTest"/>
  <testcase name="validateLogin" time="0.694" classname="com.project.testcases.LoginPageTest"/>
  <testcase name="validateForgotpassNav" time="0.259" classname="com.project.testcases.LoginPageTest"/>
  <testcase name="validateRegistration" time="0.457" classname="com.project.testcases.LoginPageTest"/>
  <testcase name="validateRegistration" time="0.408" classname="com.project.testcases.LoginPageTest"/>
  <testcase name="validateRegistration" time="1.378" classname="com.project.testcases.LoginPageTest">
    <failure type="org.openqa.selenium.ElementClickInterceptedException" message="element click intercepted: Element &amp;lt;button type=&amp;quot;submit&amp;quot; name=&amp;quot;submit&amp;quot; class=&amp;quot;btn-upper btn btn-primary checkout-page-button&amp;quot; id=&amp;quot;submit&amp;quot; disabled=&amp;quot;&amp;quot;&amp;gt;...&amp;lt;/button&amp;gt; is not clickable at point (682, 546). Other element would receive the click: &amp;lt;form class=&amp;quot;register-form outer-top-xs&amp;quot; role=&amp;quot;form&amp;quot; method=&amp;quot;post&amp;quot; name=&amp;quot;register&amp;quot; onsubmit=&amp;quot;return valid();&amp;quot;&amp;gt;...&amp;lt;/form&amp;gt;
  (Session info: chrome=94.0.4606.81)
Build info: version: &amp;apos;3.141.59&amp;apos;, revision: &amp;apos;e82be7d358&amp;apos;, time: &amp;apos;2018-11-14T08:25:48&amp;apos;
System info: host: &amp;apos;ARPGL005878&amp;apos;, ip: &amp;apos;192.168.42.157&amp;apos;, os.name: &amp;apos;Windows 10&amp;apos;, os.arch: &amp;apos;amd64&amp;apos;, os.version: &amp;apos;10.0&amp;apos;, java.version: &amp;apos;1.8.0_301&amp;apos;
Driver info: org.openqa.selenium.chrome.ChromeDriver
Capabilities {acceptInsecureCerts: false, browserName: chrome, browserVersion: 94.0.4606.81, chrome: {chromedriverVersion: 93.0.4577.63 (ff5c0da2ec0ad..., userDataDir: C:\Users\SHIVAM~1\AppData\L...}, goog:chromeOptions: {debuggerAddress: localhost:52309}, javascriptEnabled: true, networkConnectionEnabled: false, pageLoadStrategy: normal, platform: WINDOWS, platformName: WINDOWS, proxy: Proxy(), setWindowRect: true, strictFileInteractability: false, timeouts: {implicit: 0, pageLoad: 300000, script: 30000}, unhandledPromptBehavior: dismiss and notify, webauthn:extension:credBlob: true, webauthn:extension:largeBlob: true, webauthn:virtualAuthenticators: true}
Session ID: 3d47c55e463915daceda2222af36a341">
      <![CDATA[org.openqa.selenium.ElementClickInterceptedException: element click intercepted: Element <button type="submit" name="submit" class="btn-upper btn btn-primary checkout-page-button" id="submit" disabled="">...</button> is not clickable at point (682, 546). Other element would receive the click: <form class="register-form outer-top-xs" role="form" method="post" name="register" onsubmit="return valid();">...</form>
  (Session info: chrome=94.0.4606.81)
Build info: version: '3.141.59', revision: 'e82be7d358', time: '2018-11-14T08:25:48'
System info: host: 'ARPGL005878', ip: '192.168.42.157', os.name: 'Windows 10', os.arch: 'amd64', os.version: '10.0', java.version: '1.8.0_301'
Driver info: org.openqa.selenium.chrome.ChromeDriver
Capabilities {acceptInsecureCerts: false, browserName: chrome, browserVersion: 94.0.4606.81, chrome: {chromedriverVersion: 93.0.4577.63 (ff5c0da2ec0ad..., userDataDir: C:\Users\SHIVAM~1\AppData\L...}, goog:chromeOptions: {debuggerAddress: localhost:52309}, javascriptEnabled: true, networkConnectionEnabled: false, pageLoadStrategy: normal, platform: WINDOWS, platformName: WINDOWS, proxy: Proxy(), setWindowRect: true, strictFileInteractability: false, timeouts: {implicit: 0, pageLoad: 300000, script: 30000}, unhandledPromptBehavior: dismiss and notify, webauthn:extension:credBlob: true, webauthn:extension:largeBlob: true, webauthn:virtualAuthenticators: true}
Session ID: 3d47c55e463915daceda2222af36a341
at org.openqa.selenium.remote.http.W3CHttpResponseCodec.createException(W3CHttpResponseCodec.java:187)
at org.openqa.selenium.remote.http.W3CHttpResponseCodec.decode(W3CHttpResponseCodec.java:122)
at org.openqa.selenium.remote.http.W3CHttpResponseCodec.decode(W3CHttpResponseCodec.java:49)
at org.openqa.selenium.remote.HttpCommandExecutor.execute(HttpCommandExecutor.java:158)
at org.openqa.selenium.remote.service.DriverCommandExecutor.execute(DriverCommandExecutor.java:83)
at org.openqa.selenium.remote.RemoteWebDriver.execute(RemoteWebDriver.java:552)
at org.openqa.selenium.remote.RemoteWebElement.execute(RemoteWebElement.java:285)
at org.openqa.selenium.remote.RemoteWebElement.click(RemoteWebElement.java:84)
at org.openqa.selenium.support.pagefactory.internal.LocatingElementHandler.invoke(LocatingElementHandler.java:51)
at com.sun.proxy.$Proxy10.click(Unknown Source)
at com.project.pages.LoginPage.regOperation(LoginPage.java:118)
at com.project.testcases.LoginPageTest.validateRegistration(LoginPageTest.java:90)
... Removed 33 stack frames]]>
    </failure>
  </testcase> <!-- validateRegistration -->
</testsuite> <!-- Test -->
